cd C:\Users\NAZARI\Documents\NetBeansProjects\mavenproject2; "JAVA_HOME=C:\\Program Files\\Java\\jdk-18.0.1.1" cmd /c "\"C:\\Program Files\\NetBeans-15\\netbeans\\java\\maven\\bin\\mvn.cmd\" -Dexec.vmArgs= \"-Dexec.args=${exec.vmArgs} -classpath %classpath ${exec.mainClass} ${exec.appArgs}\" -Dexec.appArgs= -Dexec.mainClass=com.mycompany.mavenproject2.Mavenproject2 \"-Dexec.executable=C:\\Program Files\\Java\\jdk-18.0.1.1\\bin\\java.exe\" \"-Dmaven.ext.class.path=C:\\Program Files\\NetBeans-15\\netbeans\\java\\maven-nblib\\netbeans-eventspy.jar\" org.codehaus.mojo:exec-maven-plugin:3.0.0:exec"
Running NetBeans Compile On Save execution. Phase execution is skipped and output directories of dependency projects (with Compile on Save turned on) will be used instead of their jar artifacts.
Scanning for projects...

--------------------< com.mycompany:mavenproject2 >---------------------
Building mavenproject2 1.0-SNAPSHOT
--------------------------------[ jar ]---------------------------------

--- exec-maven-plugin:3.0.0:exec (default-cli) @ mavenproject2 ---
Error: Could not find or load main class com.mycompany.mavenproject2.Mavenproject2
Caused by: java.lang.ClassNotFoundException: com.mycompany.mavenproject2.Mavenproject2
Command execution failed.
org.apache.commons.exec.ExecuteException: Process exited with an error: 1 (Exit value: 1)
    at org.apache.commons.exec.DefaultExecutor.executeInternal (DefaultExecutor.java:404)
    at org.apache.commons.exec.DefaultExecutor.execute (DefaultExecutor.java:166)
    at org.codehaus.mojo.exec.ExecMojo.executeCommandLine (ExecMojo.java:982)
    at org.codehaus.mojo.exec.ExecMojo.executeCommandLine (ExecMojo.java:929)
    at org.codehaus.mojo.exec.ExecMojo.execute (ExecMojo.java:457)
    at org.apache.maven.plugin.DefaultBuildPluginManager.executeMojo (DefaultBuildPluginManager.java:137)
    at org.apache.maven.lifecycle.internal.MojoExecutor.doExecute2 (MojoExecutor.java:370)
    at org.apache.maven.lifecycle.internal.MojoExecutor.doExecute (MojoExecutor.java:351)
    at org.apache.maven.lifecycle.internal.MojoExecutor.execute (MojoExecutor.java:215)
    at org.apache.maven.lifecycle.internal.MojoExecutor.execute (MojoExecutor.java:171)
    at org.apache.maven.lifecycle.internal.MojoExecutor.execute (MojoExecutor.java:163)
    at org.apache.maven.lifecycle.internal.LifecycleModuleBuilder.buildProject (LifecycleModuleBuilder.java:117)
    at org.apache.maven.lifecycle.internal.LifecycleModuleBuilder.buildProject (LifecycleModuleBuilder.java:81)
    at org.apache.maven.lifecycle.internal.builder.singlethreaded.SingleThreadedBuilder.build (SingleThreadedBuilder.java:56)
    at org.apache.maven.lifecycle.internal.LifecycleStarter.execute (LifecycleStarter.java:128)
    at org.apache.maven.DefaultMaven.doExecute (DefaultMaven.java:294)
    at org.apache.maven.DefaultMaven.doExecute (DefaultMaven.java:192)
    at org.apache.maven.DefaultMaven.execute (DefaultMaven.java:105)
    at org.apache.maven.cli.MavenCli.execute (MavenCli.java:960)
    at org.apache.maven.cli.MavenCli.doMain (MavenCli.java:293)
    at org.apache.maven.cli.MavenCli.main (MavenCli.java:196)
    at jdk.internal.reflect.DirectMethodHandleAccessor.invoke (DirectMethodHandleAccessor.java:104)
    at java.lang.reflect.Method.invoke (Method.java:577)
    at org.codehaus.plexus.classworlds.launcher.Launcher.launchEnhanced (Launcher.java:282)
    at org.codehaus.plexus.classworlds.launcher.Launcher.launch (Launcher.java:225)
    at org.codehaus.plexus.classworlds.launcher.Launcher.mainWithExitCode (Launcher.java:406)
    at org.codehaus.plexus.classworlds.launcher.Launcher.main (Launcher.java:347)
------------------------------------------------------------------------
BUILD FAILURE
------------------------------------------------------------------------
Total time:  6.030 s
Finished at: 2025-08-31T07:40:23-07:00
------------------------------------------------------------------------
Failed to execute goal org.codehaus.mojo:exec-maven-plugin:3.0.0:exec (default-cli) on project mavenproject2: Command execution failed.: Process exited with an error: 1 (Exit value: 1) -> [Help 1]

To see the full stack trace of the errors, re-run Maven with the -e switch.
Re-run Maven using the -X switch to enable full debug logging.

For more information about the errors and possible solutions, please read the following articles:
[Help 1] http://cwiki.apache.org/confluence/display/MAVEN/MojoExecutionException
